
****** Scout HLS - High-Level Synthesis from C, C++ and OpenCL v2019.2.0 (64-bit)
  **** SW Build 2607946 on Thu Aug  1 18:05:46 MDT 2019
  **** IP Build 2607835 on Thu Aug  1 21:08:27 MDT 2019
    ** Copyright 1986-2019 Xilinx, Inc. All Rights Reserved.

source /proj/xbuilds/HEAD_daily_latest/installs/lin64/Scout/HEAD/scripts/scout_hls/hls.tcl -notrace
INFO: [HLS 200-10] Running '/proj/xbuilds/HEAD_daily_latest/installs/lin64/Scout/HEAD/bin/unwrapped/lnx64.o/scout_hls'
INFO: [HLS 200-10] For user 'frederic' on host 'xsjfrederic40.xilinx.com' (Linux_x86_64 version 4.4.0-142-generic) on Fri Aug 02 11:41:37 PDT 2019
INFO: [HLS 200-10] On os Ubuntu 16.04.6 LTS
INFO: [HLS 200-10] In directory '/group/swmktg/test_fr/hlsdesigns/githubenterprise/HLS-Tiny-Tutorials/memories_rom_lookup_table_math'
Sourcing Tcl script 'run_hls.tcl'
INFO: [HLS 200-10] Opening and resetting project '/group/swmktg/test_fr/hlsdesigns/githubenterprise/HLS-Tiny-Tutorials/memories_rom_lookup_table_math/proj_lookup_math'.
INFO: [HLS 200-10] Adding design file 'lookup_math.cpp' to the project
INFO: [HLS 200-10] Adding test bench file 'lookup_math_test.cpp' to the project
INFO: [HLS 200-10] Adding test bench file 'result.golden.dat' to the project
INFO: [HLS 200-10] Opening and resetting solution '/group/swmktg/test_fr/hlsdesigns/githubenterprise/HLS-Tiny-Tutorials/memories_rom_lookup_table_math/proj_lookup_math/solution1'.
INFO: [HLS 200-10] Cleaning up the solution database.
INFO: [HLS 200-10] Setting target device to 'xc7k160t-fbg484-1'
INFO: [SYN 201-201] Setting up clock 'default' with a period of 4ns.
INFO: [SIM 211-2] *************** CSIM start ***************
INFO: [SIM 211-4] CSIM will launch GCC as the compiler.
   Compiling ../../../../lookup_math_test.cpp in debug mode
   Compiling ../../../../lookup_math.cpp in debug mode
   Generating csim.exe
Test passed !
INFO: [SIM 211-1] CSim done with 0 errors.
INFO: [SIM 211-3] *************** CSIM finish ***************
INFO: [HLS 200-10] Analyzing design file 'lookup_math.cpp' ... 
INFO: [HLS 214-131] Inlining function 'fp_struct<double>::fp_struct(double)' into 'void range_redux_payne_hanek_hotbm<61, double, 63, 63>(double, ap_uint<3>&, ap_ufixed<63, 0, (ap_q_mode)5, (ap_o_mode)3, 0>&, ap_ufixed<63, 0, (ap_q_mode)5, (ap_o_mode)3, 0>&, ap_int<fp_struct<double>::EXP_BITS>&)' (/wrk/HEAD/continuous/2019_08_01_2607946/src/shared/hls/clib/hlsmath/include/FloatingPoint/hls_range_redux.h:469:18)
INFO: [HLS 214-131] Inlining function 'unsigned int clz<61, 124, 0>(ap_ufixed<124, 0, (ap_q_mode)5, (ap_o_mode)3, 0>)' into 'void range_redux_payne_hanek_hotbm<61, double, 63, 63>(double, ap_uint<3>&, ap_ufixed<63, 0, (ap_q_mode)5, (ap_o_mode)3, 0>&, ap_ufixed<63, 0, (ap_q_mode)5, (ap_o_mode)3, 0>&, ap_int<fp_struct<double>::EXP_BITS>&)' (/wrk/HEAD/continuous/2019_08_01_2607946/src/shared/hls/clib/hlsmath/include/FloatingPoint/hls_range_redux.h:524:45)
INFO: [HLS 214-131] Inlining function 'ap_uint<(((2) * ((52) + (1))) + (61)) + (3)> table_lookup_4oPi_hotbm<52, 61>(int, double)' into 'void range_redux_payne_hanek_hotbm<61, double, 63, 63>(double, ap_uint<3>&, ap_ufixed<63, 0, (ap_q_mode)5, (ap_o_mode)3, 0>&, ap_ufixed<63, 0, (ap_q_mode)5, (ap_o_mode)3, 0>&, ap_int<fp_struct<double>::EXP_BITS>&)' (/wrk/HEAD/continuous/2019_08_01_2607946/src/shared/hls/clib/hlsmath/include/FloatingPoint/hls_range_redux.h:496:15)
INFO: [HLS 214-131] Inlining function 'fp_struct<double>::expv() const' into 'void range_redux_payne_hanek_hotbm<61, double, 63, 63>(double, ap_uint<3>&, ap_ufixed<63, 0, (ap_q_mode)5, (ap_o_mode)3, 0>&, ap_ufixed<63, 0, (ap_q_mode)5, (ap_o_mode)3, 0>&, ap_int<fp_struct<double>::EXP_BITS>&)' (/wrk/HEAD/continuous/2019_08_01_2607946/src/shared/hls/clib/hlsmath/include/FloatingPoint/hls_range_redux.h:470:21)
INFO: [HLS 214-131] Inlining function 'fp_struct<double>::data() const' into 'fp_struct<double>::to_double() const' (/wrk/HEAD/continuous/2019_08_01_2607946/src/shared/hls/clib/src/hls/utils/x_hls_utils.h:513:17)
INFO: [HLS 214-131] Inlining function 'fp_struct<double>::to_double() const' into 'fp_struct<double>::to_ieee() const' (/wrk/HEAD/continuous/2019_08_01_2607946/src/shared/hls/clib/src/hls/utils/x_hls_utils.h:527:16)
INFO: [HLS 214-131] Inlining function 'clz(int)' into 'void scaled_fixed2ieee<63, 1>(ap_ufixed<63, 1, (ap_q_mode)5, (ap_o_mode)3, 0>, double&, int)' (/wrk/HEAD/continuous/2019_08_01_2607946/src/shared/hls/clib/src/hls/utils/x_hls_float_utils.h:436:16)
INFO: [HLS 214-131] Inlining function 'fp_struct<double>::to_ieee() const' into 'void scaled_fixed2ieee<63, 1>(ap_ufixed<63, 1, (ap_q_mode)5, (ap_o_mode)3, 0>, double&, int)' (/wrk/HEAD/continuous/2019_08_01_2607946/src/shared/hls/clib/src/hls/utils/x_hls_float_utils.h:467:18)
INFO: [HLS 214-131] Inlining function 'fp_struct<double>::set_mantissa(ap_ufixed<53, 1, (ap_q_mode)5, (ap_o_mode)3, 0>)' into 'void scaled_fixed2ieee<63, 1>(ap_ufixed<63, 1, (ap_q_mode)5, (ap_o_mode)3, 0>, double&, int)' (/wrk/HEAD/continuous/2019_08_01_2607946/src/shared/hls/clib/src/hls/utils/x_hls_float_utils.h:464:9)
INFO: [HLS 214-131] Inlining function 'fp_struct<double>::fp_struct(double)' into 'double hotbm_::sin_or_cos<double>(double, bool, bool)' (/wrk/HEAD/continuous/2019_08_01_2607946/src/shared/hls/clib/hlsmath/include/FloatingPoint/hls_hotbm.h:252:15)
INFO: [HLS 214-131] Inlining function 'fp_struct<double>::to_ieee() const' into 'double hotbm_::sin_or_cos<double>(double, bool, bool)' (/wrk/HEAD/continuous/2019_08_01_2607946/src/shared/hls/clib/hlsmath/include/FloatingPoint/hls_hotbm.h:316:20)
INFO: [HLS 214-131] Inlining function 'fp_struct<double>::fp_struct(double)' into 'double hotbm_::sin_or_cos<double>(double, bool, bool)' (/wrk/HEAD/continuous/2019_08_01_2607946/src/shared/hls/clib/hlsmath/include/FloatingPoint/hls_hotbm.h:288:15)
INFO: [HLS 214-131] Inlining function 'hotbm_::sin(double)' into 'sin' (/wrk/HEAD/continuous/2019_08_01_2607946/src/shared/hls/clib/hlsmath/src/c/sincosdouble.cpp:8:12)
INFO: [HLS 214-131] Inlining function 'fp_struct<double>::fp_struct(double)' into 'short generic_cast_IEEE754<short, (ap_q_mode)6, double>(double, bool, hls::enable_if<std::numeric_limits<short>::is_signed, bool>::type)' (/wrk/HEAD/continuous/2019_08_01_2607946/src/shared/hls/clib/hlsmath/include/FloatingPoint/hls_case_IEEE754.h:13:17)
INFO: [HLS 214-131] Inlining function 'fp_struct<double>::__signbit() const' into 'short generic_cast_IEEE754<short, (ap_q_mode)6, double>(double, bool, hls::enable_if<std::numeric_limits<short>::is_signed, bool>::type)' (/wrk/HEAD/continuous/2019_08_01_2607946/src/shared/hls/clib/hlsmath/include/FloatingPoint/hls_case_IEEE754.h:59:8)
INFO: [HLS 214-131] Inlining function 'fp_struct<double>::__signbit() const' into 'short generic_cast_IEEE754<short, (ap_q_mode)6, double>(double, bool, hls::enable_if<std::numeric_limits<short>::is_signed, bool>::type)' (/wrk/HEAD/continuous/2019_08_01_2607946/src/shared/hls/clib/hlsmath/include/FloatingPoint/hls_case_IEEE754.h:47:20)
INFO: [HLS 214-131] Inlining function 'fp_struct<double>::expv() const' into 'short generic_cast_IEEE754<short, (ap_q_mode)6, double>(double, bool, hls::enable_if<std::numeric_limits<short>::is_signed, bool>::type)' (/wrk/HEAD/continuous/2019_08_01_2607946/src/shared/hls/clib/hlsmath/include/FloatingPoint/hls_case_IEEE754.h:18:79)
INFO: [HLS 214-131] Inlining function 'fp_struct<double>::mantissa() const' into 'short generic_cast_IEEE754<short, (ap_q_mode)6, double>(double, bool, hls::enable_if<std::numeric_limits<short>::is_signed, bool>::type)' (/wrk/HEAD/continuous/2019_08_01_2607946/src/shared/hls/clib/hlsmath/include/FloatingPoint/hls_case_IEEE754.h:15:57)
INFO: [HLS 214-131] Inlining function 'short generic_cast_IEEE754<short, double>(double, bool)' into '__hls_fptosi_double_i16' (/wrk/HEAD/continuous/2019_08_01_2607946/src/shared/hls/clib/hlsmath/src/lib_floatconversion.cpp:54:56)
INFO: [HLS 214-131] Inlining function 'sin' into 'init_sin_table(short*)' (lookup_math.cpp:53:25)
INFO: [HLS 214-131] Inlining function '__hls_fptosi_double_i16' into 'init_sin_table(short*)' (lookup_math.cpp:54:30)
INFO: [HLS 214-131] Inlining function 'init_sin_table(short*)' into 'lookup_math(short, unsigned char)' (lookup_math.cpp:61:4)
INFO: [HLS 200-111] Finished Linking Time (s): cpu = 00:00:18 ; elapsed = 00:00:27 . Memory (MB): peak = 884.238 ; gain = 196.133 ; free physical = 121083 ; free virtual = 256350
INFO: [HLS 200-111] Finished Checking Pragmas Time (s): cpu = 00:00:18 ; elapsed = 00:00:27 . Memory (MB): peak = 884.238 ; gain = 196.133 ; free physical = 121083 ; free virtual = 256350
INFO: [HLS 200-10] Starting code transformations ...
INFO: [HLS 200-111] Finished Standard Transforms Time (s): cpu = 00:00:18 ; elapsed = 00:00:28 . Memory (MB): peak = 887.812 ; gain = 199.707 ; free physical = 121026 ; free virtual = 256306
INFO: [HLS 200-10] Checking synthesizability ...
INFO: [XFORM 203-602] Inlining function 'hotbm_::value_list<double>::sin_or_cos_approximation<63, 63>' into 'hotbm_::sin_or_cos<double>' (/wrk/HEAD/continuous/2019_08_01_2607946/src/shared/hls/clib/hlsmath/include/FloatingPoint/hls_hotbm.h:279) automatically.
INFO: [XFORM 203-602] Inlining function 'generic_cast_IEEE754<short, (ap_q_mode)6, double>' into 'lookup_math' (/wrk/HEAD/continuous/2019_08_01_2607946/src/shared/hls/clib/hlsmath/include/FloatingPoint/hls_case_IEEE754.h:117) automatically.
WARNING: [SYNCHK 200-23] /wrk/HEAD/continuous/2019_08_01_2607946/src/shared/hls/clib/include/header_files/ap_fixed_ref.h:566: variable-indexed range selection may cause suboptimal QoR.
INFO: [SYNCHK 200-10] 0 error(s), 1 warning(s).
INFO: [HLS 200-111] Finished Checking Synthesizability Time (s): cpu = 00:00:19 ; elapsed = 00:00:28 . Memory (MB): peak = 887.812 ; gain = 199.707 ; free physical = 120974 ; free virtual = 256259
INFO: [XFORM 203-510] Pipelining loop 'Loop-4' (/wrk/HEAD/continuous/2019_08_01_2607946/src/shared/hls/clib/src/hls/utils/x_hls_float_utils.h:445) in function 'scaled_fixed2ieee<63, 1>' automatically.
INFO: [XFORM 203-102] Automatically partitioning small array 'out_bits.V' (/wrk/HEAD/continuous/2019_08_01_2607946/src/shared/hls/clib/src/hls/utils/x_hls_float_utils.h:423) completely based on array size.
INFO: [XFORM 203-102] Automatically partitioning small array 'c' (/wrk/HEAD/continuous/2019_08_01_2607946/src/shared/hls/clib/src/hls/utils/x_hls_float_utils.h:434) completely based on array size.
INFO: [XFORM 203-101] Partitioning array 'swap_table' in dimension 1 completely.
INFO: [XFORM 203-101] Partitioning array 'neg_cos_table' in dimension 1 completely.
INFO: [XFORM 203-101] Partitioning array 'neg_sin_table' in dimension 1 completely.
INFO: [XFORM 203-101] Partitioning array 'swap_table.1' in dimension 1 completely.
INFO: [XFORM 203-101] Partitioning array 'out_bits.V' (/wrk/HEAD/continuous/2019_08_01_2607946/src/shared/hls/clib/src/hls/utils/x_hls_float_utils.h:423) in dimension 1 completely.
INFO: [XFORM 203-101] Partitioning array 'c' (/wrk/HEAD/continuous/2019_08_01_2607946/src/shared/hls/clib/src/hls/utils/x_hls_float_utils.h:434) in dimension 1 completely.
INFO: [XFORM 203-602] Inlining function 'range_redux_payne_hanek_hotbm<61, double, 63, 63>' into 'hotbm_::sin_or_cos<double>' (/wrk/HEAD/continuous/2019_08_01_2607946/src/shared/hls/clib/hlsmath/include/FloatingPoint/hls_hotbm.h:268) automatically.
INFO: [XFORM 203-602] Inlining function 'hotbm_::value_list<double>::sin_or_cos_approximation<63, 63>' into 'hotbm_::sin_or_cos<double>' (/wrk/HEAD/continuous/2019_08_01_2607946/src/shared/hls/clib/hlsmath/include/FloatingPoint/hls_hotbm.h:279) automatically.
INFO: [XFORM 203-602] Inlining function 'generic_cast_IEEE754<short, (ap_q_mode)6, double>' into 'lookup_math' (/wrk/HEAD/continuous/2019_08_01_2607946/src/shared/hls/clib/hlsmath/include/FloatingPoint/hls_case_IEEE754.h:117) automatically.
INFO: [XFORM 203-401] Performing if-conversion on hyperblock from (/wrk/HEAD/continuous/2019_08_01_2607946/src/shared/hls/clib/src/hls/utils/x_hls_float_utils.h:439:9) to (/wrk/HEAD/continuous/2019_08_01_2607946/src/shared/hls/clib/src/hls/utils/x_hls_float_utils.h:468:1) in function 'scaled_fixed2ieee<63, 1>'... converting 4 basic blocks.
INFO: [XFORM 203-401] Performing if-conversion on hyperblock from (/wrk/HEAD/continuous/2019_08_01_2607946/src/shared/hls/clib/src/hls/utils/x_hls_utils.h:473:22) to (/wrk/HEAD/continuous/2019_08_01_2607946/src/shared/hls/clib/hlsmath/include/FloatingPoint/hls_hotbm.h:316:5) in function 'hotbm_::sin_or_cos<double>'... converting 11 basic blocks.
INFO: [XFORM 203-602] Inlining function 'hotbm_::sin_or_cos<double>' into 'lookup_math' (/wrk/HEAD/continuous/2019_08_01_2607946/src/shared/hls/clib/hlsmath/src/common/hls_hotbm_double.cpp:140) automatically.
INFO: [HLS 200-111] Finished Pre-synthesis Time (s): cpu = 00:00:20 ; elapsed = 00:00:29 . Memory (MB): peak = 1012.238 ; gain = 324.133 ; free physical = 120894 ; free virtual = 256189
INFO: [HLS 200-472] Inferring partial write operation for 'sin_table' (lookup_math.cpp:54:20)
INFO: Deleting FE datastructures ...
INFO: [HLS 200-111] Finished Architecture Synthesis Time (s): cpu = 00:00:20 ; elapsed = 00:00:30 . Memory (MB): peak = 1012.238 ; gain = 324.133 ; free physical = 120872 ; free virtual = 256169
INFO: [HLS 200-10] Starting hardware synthesis ...
INFO: [HLS 200-10] Synthesizing 'lookup_math' ...
WARNING: [SYN 201-103] Legalizing function name 'scaled_fixed2ieee<63, 1>' to 'scaled_fixed2ieee_63_1_s'.
INFO: [HLS 200-10] ----------------------------------------------------------------
INFO: [HLS 200-42] -- Implementing module 'scaled_fixed2ieee_63_1_s' 
INFO: [HLS 200-10] ----------------------------------------------------------------
INFO: [SCHED 204-11] Starting scheduling ...
INFO: [SCHED 204-61] Pipelining loop 'Loop 3'.
WARNING: [SCHED 204-64] Unable to schedule the loop exit test ('and' operation ('and_ln442', /wrk/HEAD/continuous/2019_08_01_2607946/src/shared/hls/clib/src/hls/utils/x_hls_float_utils.h:442)) in the first pipeline iteration (II = 1 cycles).
WARNING: [SCHED 204-68] The II Violation in module 'scaled_fixed2ieee_63_1_s' (Loop: Loop 3): Unable to enforce a carried dependence constraint (II = 2, distance = 1, offset = 1)
   between 'select' operation ('__Val2__') and 'ashr' operation ('ashr_ln1287').
INFO: [SCHED 204-61] Pipelining result : Target II = 1, Final II = 3, Depth = 5.
INFO: [SCHED 204-11] Finished scheduling.
INFO: [HLS 200-111]  Elapsed time: 30.06 seconds; current allocated memory: 280.313 MB.
INFO: [HLS 200-434] Only 1 loops out of a total 3 loops have been pipelined in this design.
INFO: [BIND 205-100] Starting micro-architecture generation ...
INFO: [BIND 205-101] Performing variable lifetime analysis.
INFO: [BIND 205-101] Exploring resource sharing.
INFO: [BIND 205-101] Binding ...
INFO: [BIND 205-100] Finished micro-architecture generation.
INFO: [HLS 200-111]  Elapsed time: 0.13 seconds; current allocated memory: 280.845 MB.
INFO: [HLS 200-10] ----------------------------------------------------------------
INFO: [HLS 200-42] -- Implementing module 'lookup_math' 
INFO: [HLS 200-10] ----------------------------------------------------------------
INFO: [SCHED 204-11] Starting scheduling ...
WARNING: [SCHED 204-21] Estimated clock period (3.886ns) exceeds the target (target clock period: 4ns, clock uncertainty: 1.08ns, effective delay budget: 2.92ns).
WARNING: [SCHED 204-21] The critical path in module 'lookup_math' consists of the following:
	'mul' operation ('mul_ln1072_3', /wrk/HEAD/continuous/2019_08_01_2607946/src/shared/hls/clib/hlsmath/src/common/hls_hotbm_double.cpp:140) [121]  (3.89 ns)
INFO: [SCHED 204-11] Finished scheduling.
INFO: [HLS 200-111]  Elapsed time: 0.64 seconds; current allocated memory: 281.612 MB.
INFO: [BIND 205-100] Starting micro-architecture generation ...
INFO: [BIND 205-101] Performing variable lifetime analysis.
INFO: [BIND 205-101] Exploring resource sharing.
INFO: [BIND 205-101] Binding ...
INFO: [BIND 205-100] Finished micro-architecture generation.
INFO: [HLS 200-111]  Elapsed time: 0.3 seconds; current allocated memory: 283.021 MB.
INFO: [HLS 200-10] ----------------------------------------------------------------
INFO: [HLS 200-10] -- Generating RTL for module 'scaled_fixed2ieee_63_1_s' 
INFO: [HLS 200-10] ----------------------------------------------------------------
INFO: [RTGEN 206-100] Generating core module 'lookup_math_ashr_63ns_32ns_63_2_1': 1 instance(s).
INFO: [RTGEN 206-100] Generating core module 'lookup_math_lshr_63ns_6ns_63_2_1': 1 instance(s).
INFO: [RTGEN 206-100] Generating core module 'lookup_math_mux_42_32_1_1': 2 instance(s).
INFO: [RTGEN 206-100] Generating core module 'lookup_math_shl_63ns_32ns_63_2_1': 1 instance(s).
INFO: [RTGEN 206-100] Finished creating RTL model for 'scaled_fixed2ieee_63_1_s'.
INFO: [HLS 200-111]  Elapsed time: 0.46 seconds; current allocated memory: 283.926 MB.
INFO: [HLS 200-10] ----------------------------------------------------------------
INFO: [HLS 200-10] -- Generating RTL for module 'lookup_math' 
INFO: [HLS 200-10] ----------------------------------------------------------------
INFO: [RTGEN 206-500] Setting interface mode on port 'lookup_math/inval' to 'ap_none'.
INFO: [RTGEN 206-500] Setting interface mode on port 'lookup_math/idx' to 'ap_none'.
INFO: [RTGEN 206-500] Setting interface mode on function 'lookup_math' to 'ap_ctrl_hs'.
INFO: [RTGEN 206-100] Generating core module 'lookup_math_dmul_64ns_64ns_64_11_no_dsp_1': 1 instance(s).
INFO: [RTGEN 206-100] Generating core module 'lookup_math_lshr_121ns_32ns_121_2_1': 1 instance(s).
INFO: [RTGEN 206-100] Generating core module 'lookup_math_lshr_63ns_32ns_63_2_1': 1 instance(s).
INFO: [RTGEN 206-100] Generating core module 'lookup_math_mul_170ns_53ns_223_19_1': 1 instance(s).
INFO: [RTGEN 206-100] Generating core module 'lookup_math_mul_35ns_25ns_60_7_1': 1 instance(s).
INFO: [RTGEN 206-100] Generating core module 'lookup_math_mul_42ns_33ns_75_6_1': 1 instance(s).
INFO: [RTGEN 206-100] Generating core module 'lookup_math_mul_49ns_44s_93_12_1': 1 instance(s).
INFO: [RTGEN 206-100] Generating core module 'lookup_math_mul_49ns_49ns_98_12_1': 3 instance(s).
INFO: [RTGEN 206-100] Generating core module 'lookup_math_mul_56ns_52s_108_7_1': 1 instance(s).
INFO: [RTGEN 206-100] Generating core module 'lookup_math_mul_64s_63ns_126_19_1': 1 instance(s).
INFO: [RTGEN 206-100] Generating core module 'lookup_math_mul_mul_16s_16s_32_3_1': 1 instance(s).
INFO: [RTGEN 206-100] Generating core module 'lookup_math_mux_164_1_1_1': 2 instance(s).
INFO: [RTGEN 206-100] Generating core module 'lookup_math_mux_83_1_1_1': 1 instance(s).
INFO: [RTGEN 206-100] Generating core module 'lookup_math_shl_121ns_32ns_121_2_1': 1 instance(s).
INFO: [RTGEN 206-100] Generating core module 'lookup_math_shl_124ns_6ns_124_2_1': 1 instance(s).
INFO: [RTGEN 206-100] Generating core module 'lookup_math_shl_256ns_7ns_256_5_1': 1 instance(s).
INFO: [RTGEN 206-100] Generating core module 'lookup_math_shl_63ns_32ns_63_2_1': 1 instance(s).
INFO: [RTGEN 206-100] Generating core module 'lookup_math_sitodp_32s_64_8_no_dsp_1': 1 instance(s).
INFO: [RTGEN 206-100] Finished creating RTL model for 'lookup_math'.
INFO: [HLS 200-111]  Elapsed time: 0.74 seconds; current allocated memory: 288.672 MB.
INFO: [RTMG 210-286] Generating pipelined shifter : 'lookup_math_lookup_math_lshr_63ns_6ns_63_2_1'
INFO: [RTMG 210-286] Generating pipelined shifter : 'lookup_math_lookup_math_ashr_63ns_32ns_63_2_1'
INFO: [RTMG 210-286] Generating pipelined shifter : 'lookup_math_lookup_math_shl_63ns_32ns_63_2_1'
INFO: [RTMG 210-286] Generating pipelined shifter : 'lookup_math_lookup_math_shl_256ns_7ns_256_5_1'
INFO: [RTMG 210-282] Generating pipelined core: 'lookup_math_lookup_math_mul_170ns_53ns_223_19_1_MulnS_0'
INFO: [RTMG 210-286] Generating pipelined shifter : 'lookup_math_lookup_math_shl_124ns_6ns_124_2_1'
INFO: [RTMG 210-286] Generating pipelined shifter : 'lookup_math_lookup_math_lshr_63ns_32ns_63_2_1'
INFO: [RTMG 210-282] Generating pipelined core: 'lookup_math_lookup_math_mul_49ns_49ns_98_12_1_MulnS_1'
INFO: [RTMG 210-282] Generating pipelined core: 'lookup_math_lookup_math_mul_49ns_44s_93_12_1_MulnS_2'
INFO: [RTMG 210-282] Generating pipelined core: 'lookup_math_lookup_math_mul_56ns_52s_108_7_1_MulnS_3'
INFO: [RTMG 210-282] Generating pipelined core: 'lookup_math_lookup_math_mul_42ns_33ns_75_6_1_Mul6S_0'
INFO: [RTMG 210-282] Generating pipelined core: 'lookup_math_lookup_math_mul_35ns_25ns_60_7_1_MulnS_4'
INFO: [RTMG 210-282] Generating pipelined core: 'lookup_math_lookup_math_mul_64s_63ns_126_19_1_MulnS_5'
INFO: [RTMG 210-286] Generating pipelined shifter : 'lookup_math_lookup_math_lshr_121ns_32ns_121_2_1'
INFO: [RTMG 210-286] Generating pipelined shifter : 'lookup_math_lookup_math_shl_121ns_32ns_121_2_1'
INFO: [RTMG 210-279] Implementing memory 'lookup_math_lookup_math_ref_4oPi_table_256_V_rom' using block ROMs.
INFO: [RTMG 210-279] Implementing memory 'lookup_math_lookup_math_fourth_order_double_sin_cos_K0_V_rom' using distributed ROMs.
INFO: [RTMG 210-279] Implementing memory 'lookup_math_lookup_math_fourth_order_double_sin_cos_K1_V_rom' using distributed ROMs.
INFO: [RTMG 210-279] Implementing memory 'lookup_math_lookup_math_fourth_order_double_sin_cos_K2_V_rom' using distributed ROMs.
INFO: [RTMG 210-279] Implementing memory 'lookup_math_lookup_math_fourth_order_double_sin_cos_K3_V_rom' using distributed ROMs.
INFO: [RTMG 210-279] Implementing memory 'lookup_math_lookup_math_fourth_order_double_sin_cos_K4_V_rom' using distributed ROMs.
INFO: [RTMG 210-278] Implementing memory 'lookup_math_lookup_math_sin_table_ram (RAM)' using block RAMs.
INFO: [HLS 200-111] Finished generating all RTL models Time (s): cpu = 00:00:24 ; elapsed = 00:00:39 . Memory (MB): peak = 1012.238 ; gain = 324.133 ; free physical = 120852 ; free virtual = 256158
INFO: [VHDL 208-304] Generating VHDL RTL for lookup_math with prefix lookup_math_.
INFO: [VLOG 209-307] Generating Verilog RTL for lookup_math with prefix lookup_math_.
INFO: [HLS 200-112] Total elapsed time: 39.49 seconds; peak allocated memory: 288.672 MB.
INFO: [Common 17-206] Exiting scout_hls at Fri Aug  2 11:42:16 2019...
